21:59:59.915 [main] INFO  testCases.TC001_AccountRegistrationTest - ***** Starting TC001_AccountRegistrationTest  *****
22:00:00.704 [main] INFO  testCases.TC001_AccountRegistrationTest - Clicked on My Account Link 
22:00:01.974 [main] INFO  testCases.TC001_AccountRegistrationTest - Clicked on My Register Link 
22:00:01.978 [main] INFO  testCases.TC001_AccountRegistrationTest - Providing Customer Details... 
22:00:04.163 [main] INFO  testCases.TC001_AccountRegistrationTest - Validating Excepted Message...
22:00:04.257 [main] INFO  testCases.TC001_AccountRegistrationTest - *****Finish TC001_AccountRegistrationTest  *****
22:38:19.383 [main] INFO  testCases.TC001_AccountRegistrationTest - ***** Starting TC001_AccountRegistrationTest  *****
22:38:19.858 [main] INFO  testCases.TC001_AccountRegistrationTest - Clicked on My Account Link 
22:38:21.163 [main] INFO  testCases.TC001_AccountRegistrationTest - Clicked on My Register Link 
22:38:21.165 [main] INFO  testCases.TC001_AccountRegistrationTest - Providing Customer Details... 
22:38:22.867 [main] INFO  testCases.TC001_AccountRegistrationTest - Validating Excepted Message...
22:38:22.912 [main] INFO  testCases.TC001_AccountRegistrationTest - *****Finish TC001_AccountRegistrationTest  *****
22:45:52.627 [main] INFO  testCases.TC001_AccountRegistrationTest - ***** Starting TC001_AccountRegistrationTest  *****
22:45:52.787 [main] INFO  testCases.TC001_AccountRegistrationTest - Clicked on My Account Link 
22:45:53.933 [main] INFO  testCases.TC001_AccountRegistrationTest - Clicked on My Register Link 
22:45:53.943 [main] INFO  testCases.TC001_AccountRegistrationTest - Providing Customer Details... 
22:45:56.505 [main] INFO  testCases.TC001_AccountRegistrationTest - Validating Excepted Message...
22:45:56.627 [main] INFO  testCases.TC001_AccountRegistrationTest - *****Finish TC001_AccountRegistrationTest  *****
22:46:26.791 [main] INFO  testCases.TC001_AccountRegistrationTest - ***** Starting TC001_AccountRegistrationTest  *****
22:46:29.819 [main] INFO  testCases.TC001_AccountRegistrationTest - Clicked on My Account Link 
22:46:33.796 [main] INFO  testCases.TC001_AccountRegistrationTest - Clicked on My Register Link 
22:46:33.798 [main] INFO  testCases.TC001_AccountRegistrationTest - Providing Customer Details... 
22:46:36.113 [main] INFO  testCases.TC001_AccountRegistrationTest - Validating Excepted Message...
22:46:36.328 [main] INFO  testCases.TC001_AccountRegistrationTest - *****Finish TC001_AccountRegistrationTest  *****
22:47:00.046 [main] INFO  testCases.TC001_AccountRegistrationTest - ***** Starting TC001_AccountRegistrationTest  *****
22:47:00.267 [main] INFO  testCases.TC001_AccountRegistrationTest - Clicked on My Account Link 
22:47:01.621 [main] INFO  testCases.TC001_AccountRegistrationTest - Clicked on My Register Link 
22:47:01.622 [main] INFO  testCases.TC001_AccountRegistrationTest - Providing Customer Details... 
22:47:03.906 [main] INFO  testCases.TC001_AccountRegistrationTest - Validating Excepted Message...
22:47:03.974 [main] INFO  testCases.TC001_AccountRegistrationTest - *****Finish TC001_AccountRegistrationTest  *****
22:48:33.785 [TestNG-tests-1] INFO  testCases.TC001_AccountRegistrationTest - ***** Starting TC001_AccountRegistrationTest  *****
22:48:33.940 [TestNG-tests-1] INFO  testCases.TC001_AccountRegistrationTest - Clicked on My Account Link 
22:48:35.125 [TestNG-tests-3] INFO  testCases.TC001_AccountRegistrationTest - ***** Starting TC001_AccountRegistrationTest  *****
22:48:35.528 [TestNG-tests-3] INFO  testCases.TC001_AccountRegistrationTest - Clicked on My Account Link 
22:48:37.475 [TestNG-tests-1] INFO  testCases.TC001_AccountRegistrationTest - Clicked on My Register Link 
22:48:37.482 [TestNG-tests-1] INFO  testCases.TC001_AccountRegistrationTest - Providing Customer Details... 
22:48:38.634 [TestNG-tests-3] INFO  testCases.TC001_AccountRegistrationTest - Clicked on My Register Link 
22:48:38.642 [TestNG-tests-3] INFO  testCases.TC001_AccountRegistrationTest - Providing Customer Details... 
22:48:40.671 [TestNG-tests-1] INFO  testCases.TC001_AccountRegistrationTest - Validating Excepted Message...
22:48:40.730 [TestNG-tests-1] INFO  testCases.TC001_AccountRegistrationTest - *****Finish TC001_AccountRegistrationTest  *****
22:48:43.154 [TestNG-tests-3] INFO  testCases.TC001_AccountRegistrationTest - Validating Excepted Message...
22:48:43.209 [TestNG-tests-3] INFO  testCases.TC001_AccountRegistrationTest - *****Finish TC001_AccountRegistrationTest  *****
22:48:48.636 [TestNG-tests-2] INFO  testCases.TC001_AccountRegistrationTest - ***** Starting TC001_AccountRegistrationTest  *****
22:48:49.043 [TestNG-tests-2] INFO  testCases.TC001_AccountRegistrationTest - Clicked on My Account Link 
22:48:50.759 [TestNG-tests-2] INFO  testCases.TC001_AccountRegistrationTest - Clicked on My Register Link 
22:48:50.759 [TestNG-tests-2] INFO  testCases.TC001_AccountRegistrationTest - Providing Customer Details... 
